<?xml version="1.0" encoding="UTF-8"?>
<!-- Generated by org.testng.reporters.JUnitReportReporter -->
<testsuite hostname="EVC156-2" failures="0" tests="4" name="testNGCrossbrowser.TestGroup1" time="0.013" errors="0" timestamp="2022-05-03T12:00:04 IST" skipped="0">
  <testcase classname="testNGCrossbrowser.TestGroup1" name="testCaseFour" time="0.008"/>
  <system-out/>
  <testcase classname="testNGCrossbrowser.TestGroup1" name="testCaseSix" time="0.002"/>
  <system-out/>
  <testcase classname="testNGCrossbrowser.TestGroup1" name="testCaseOne" time="0.001"/>
  <system-out/>
  <testcase classname="testNGCrossbrowser.TestGroup1" name="testCaseTwo" time="0.002"/>
  <system-out/>
</testsuite> <!-- testNGCrossbrowser.TestGroup1 -->
