<?xml version="1.0" encoding="UTF-8"?>
<!-- Generated by org.testng.reporters.JUnitReportReporter -->
<testsuite hostname="EVC156-2" failures="0" tests="11" name="testNGCrossbrowser.TestGroup2" time="0.022" errors="0" timestamp="2022-05-03T12:07:33 IST" skipped="1">
  <testcase classname="testNGCrossbrowser.TestGroup2" name="testCaseThree" time="0.002"/>
  <system-out/>
  <testcase classname="testNGCrossbrowser.TestGroup2" name="testCaseFour" time="0.001"/>
  <system-out/>
  <testcase classname="testNGCrossbrowser.TestGroup2" name="testCaseSix" time="0.001"/>
  <system-out/>
  <testcase classname="testNGCrossbrowser.TestGroup2" name="testCaseOne" time="0.002"/>
  <system-out/>
  <testcase classname="testNGCrossbrowser.TestGroup2" name="testCaseOne" time="0.001"/>
  <system-out/>
  <testcase classname="testNGCrossbrowser.TestGroup2" name="testCaseSeven" time="0.002"/>
  <system-out/>
  <testcase classname="testNGCrossbrowser.TestGroup2" name="testCaseThree" time="0.002"/>
  <system-out/>
  <testcase classname="testNGCrossbrowser.TestGroup2" name="testCaseOne" time="0.002"/>
  <system-out/>
  <testcase classname="testNGCrossbrowser.TestGroup2" name="testCaseThree" time="0.002"/>
  <system-out/>
  <testcase classname="testNGCrossbrowser.TestGroup2" name="testCaseFive" time="0.007"/>
  <system-out/>
  <testcase classname="testNGCrossbrowser.TestGroup2" name="testCaseTwo">
    <skipped/>
  </testcase> <!-- testCaseTwo -->
  <system-out/>
</testsuite> <!-- testNGCrossbrowser.TestGroup2 -->
