<?xml version="1.0" encoding="UTF-8"?>
<!-- Generated by org.testng.reporters.JUnitReportReporter -->
<testsuite hostname="EVC156-2" failures="0" tests="1" name="testNGCrossbrowser.BrowserFirefox" time="6.636" errors="0" timestamp="2022-03-21T05:28:27 IST" skipped="0">
  <testcase classname="testNGCrossbrowser.BrowserFirefox" name="login" time="6.636"/>
  <system-out/>
</testsuite> <!-- testNGCrossbrowser.BrowserFirefox -->
