<?xml version="1.0" encoding="UTF-8"?>
<!-- Generated by org.testng.reporters.JUnitReportReporter -->
<testsuite hostname="EVC156-2" failures="0" tests="1" name="testNGCrossbrowser.DataProvederUse" time="0.000" errors="0" timestamp="2022-03-21T07:17:57 IST" skipped="1">
  <testcase classname="testNGCrossbrowser.DataProvederUse" name="login" time="0.000">
    <skipped/>
  </testcase> <!-- login -->
  <system-out/>
</testsuite> <!-- testNGCrossbrowser.DataProvederUse -->
